2019-09-17 09:29:41.331  INFO 51059 --- [main] com.didispace.Application                : No active profile set, falling back to default profiles: default
2019-09-17 09:29:41.348  INFO 51059 --- [main] ationConfigEmbeddedWebApplicationContext : Refreshing org.springframework.boot.context.embedded.AnnotationConfigEmbeddedWebApplicationContext@35399441: startup date [Tue Sep 17 09:29:41 CST 2019]; parent: org.springframework.context.annotation.AnnotationConfigApplicationContext@cd3fee8
2019-09-17 09:29:41.832  WARN 51059 --- [main] o.s.c.a.ConfigurationClassPostProcessor  : Cannot enhance @Configuration bean definition 'refreshScope' since its singleton instance has been created too early. The typical cause is a non-static @Bean method with a BeanDefinitionRegistryPostProcessor return type: Consider declaring such methods as 'static'.
2019-09-17 09:29:41.915  INFO 51059 --- [main] o.s.cloud.context.scope.GenericScope     : BeanFactory id=034f02be-bbb6-374d-b5fd-4650dd85dc6f
2019-09-17 09:29:41.921  INFO 51059 --- [main] f.a.AutowiredAnnotationBeanPostProcessor : JSR-330 'javax.inject.Inject' annotation found and supported for autowiring
2019-09-17 09:29:41.932  INFO 51059 --- [main] trationDelegate$BeanPostProcessorChecker : Bean 'org.springframework.cloud.autoconfigure.ConfigurationPropertiesRebinderAutoConfiguration' of type [class org.springframework.cloud.autoconfigure.ConfigurationPropertiesRebinderAutoConfiguration$$EnhancerBySpringCGLIB$$8f144f2e] is not eligible for getting processed by all BeanPostProcessors (for example: not eligible for auto-proxying)
2019-09-17 09:29:41.936  INFO 51059 --- [main] trationDelegate$BeanPostProcessorChecker : Bean 'org.springframework.cloud.autoconfigure.RefreshEndpointAutoConfiguration' of type [class org.springframework.cloud.autoconfigure.RefreshEndpointAutoConfiguration$$EnhancerBySpringCGLIB$$38735124] is not eligible for getting processed by all BeanPostProcessors (for example: not eligible for auto-proxying)
2019-09-17 09:29:42.120  INFO 51059 --- [main] s.b.c.e.t.TomcatEmbeddedServletContainer : Tomcat initialized with port(s): 1111 (http)
2019-09-17 09:29:42.127  INFO 51059 --- [main] o.apache.catalina.core.StandardService   : Starting service Tomcat
2019-09-17 09:29:42.128  INFO 51059 --- [main] org.apache.catalina.core.StandardEngine  : Starting Servlet Engine: Apache Tomcat/8.0.36
2019-09-17 09:29:42.198  INFO 51059 --- [localhost-startStop-1] o.a.c.c.C.[Tomcat].[localhost].[/]       : Initializing Spring embedded WebApplicationContext
2019-09-17 09:29:42.198  INFO 51059 --- [localhost-startStop-1] o.s.web.context.ContextLoader            : Root WebApplicationContext: initialization completed in 850 ms
2019-09-17 09:29:42.569  INFO 51059 --- [localhost-startStop-1] o.s.b.c.embedded.FilterRegistrationBean  : Mapping filter: 'metricFilter' to: [/*]
2019-09-17 09:29:42.569  INFO 51059 --- [localhost-startStop-1] o.s.b.c.embedded.FilterRegistrationBean  : Mapping filter: 'characterEncodingFilter' to: [/*]
2019-09-17 09:29:42.569  INFO 51059 --- [localhost-startStop-1] o.s.b.c.embedded.FilterRegistrationBean  : Mapping filter: 'hiddenHttpMethodFilter' to: [/*]
2019-09-17 09:29:42.569  INFO 51059 --- [localhost-startStop-1] o.s.b.c.embedded.FilterRegistrationBean  : Mapping filter: 'httpPutFormContentFilter' to: [/*]
2019-09-17 09:29:42.569  INFO 51059 --- [localhost-startStop-1] o.s.b.c.embedded.FilterRegistrationBean  : Mapping filter: 'requestContextFilter' to: [/*]
2019-09-17 09:29:42.570  INFO 51059 --- [localhost-startStop-1] o.s.b.c.embedded.FilterRegistrationBean  : Mapping filter: 'webRequestTraceFilter' to: [/*]
2019-09-17 09:29:42.570  INFO 51059 --- [localhost-startStop-1] o.s.b.c.embedded.FilterRegistrationBean  : Mapping filter: 'servletContainer' to urls: [/eureka/*]
2019-09-17 09:29:42.570  INFO 51059 --- [localhost-startStop-1] o.s.b.c.embedded.FilterRegistrationBean  : Mapping filter: 'applicationContextIdFilter' to: [/*]
2019-09-17 09:29:42.570  INFO 51059 --- [localhost-startStop-1] o.s.b.c.e.ServletRegistrationBean        : Mapping servlet: 'dispatcherServlet' to [/]
2019-09-17 09:29:42.642  INFO 51059 --- [localhost-startStop-1] c.s.j.s.i.a.WebApplicationImpl           : Initiating Jersey application, version 'Jersey: 1.19.1 03/11/2016 02:08 PM'
2019-09-17 09:29:42.692  INFO 51059 --- [localhost-startStop-1] c.n.d.provider.DiscoveryJerseyProvider   : Using JSON encoding codec LegacyJacksonJson
2019-09-17 09:29:42.693  INFO 51059 --- [localhost-startStop-1] c.n.d.provider.DiscoveryJerseyProvider   : Using JSON decoding codec LegacyJacksonJson
2019-09-17 09:29:42.760  INFO 51059 --- [localhost-startStop-1] c.n.d.provider.DiscoveryJerseyProvider   : Using XML encoding codec XStreamXml
2019-09-17 09:29:42.760  INFO 51059 --- [localhost-startStop-1] c.n.d.provider.DiscoveryJerseyProvider   : Using XML decoding codec XStreamXml
2019-09-17 09:29:43.090  INFO 51059 --- [main] o.s.c.n.eureka.InstanceInfoFactory       : Setting initial instance status as: STARTING
2019-09-17 09:29:43.139  INFO 51059 --- [main] com.netflix.discovery.DiscoveryClient    : Client configured to neither register nor query for data.
2019-09-17 09:29:43.147  INFO 51059 --- [main] com.netflix.discovery.DiscoveryClient    : Discovery Client initialized at timestamp 1568683783147 with initial instances count: 0
2019-09-17 09:29:43.206  INFO 51059 --- [main] c.n.eureka.DefaultEurekaServerContext    : Initializing ...
2019-09-17 09:29:43.208  WARN 51059 --- [main] c.n.eureka.cluster.PeerEurekaNodes       : The replica size seems to be empty. Check the route 53 DNS Registry
2019-09-17 09:29:43.217  INFO 51059 --- [main] c.n.e.registry.AbstractInstanceRegistry  : Finished initializing remote region registries. All known remote regions: []
2019-09-17 09:29:43.217  INFO 51059 --- [main] c.n.eureka.DefaultEurekaServerContext    : Initialized
2019-09-17 09:29:43.364  INFO 51059 --- [main] s.w.s.m.m.a.RequestMappingHandlerAdapter : Looking for @ControllerAdvice: org.springframework.boot.context.embedded.AnnotationConfigEmbeddedWebApplicationContext@35399441: startup date [Tue Sep 17 09:29:41 CST 2019]; parent: org.springframework.context.annotation.AnnotationConfigApplicationContext@cd3fee8
2019-09-17 09:29:43.422  INFO 51059 --- [main] s.w.s.m.m.a.RequestMappingHandlerMapping : Mapped "{[/],methods=[GET]}" onto public java.lang.String org.springframework.cloud.netflix.eureka.server.EurekaController.status(javax.servlet.http.HttpServletRequest,java.util.Map<java.lang.String, java.lang.Object>)
2019-09-17 09:29:43.423  INFO 51059 --- [main] s.w.s.m.m.a.RequestMappingHandlerMapping : Mapped "{[/lastn],methods=[GET]}" onto public java.lang.String org.springframework.cloud.netflix.eureka.server.EurekaController.lastn(javax.servlet.http.HttpServletRequest,java.util.Map<java.lang.String, java.lang.Object>)
2019-09-17 09:29:43.424  INFO 51059 --- [main] s.w.s.m.m.a.RequestMappingHandlerMapping : Mapped "{[/error]}" onto public org.springframework.http.ResponseEntity<java.util.Map<java.lang.String, java.lang.Object>> org.springframework.boot.autoconfigure.web.BasicErrorController.error(javax.servlet.http.HttpServletRequest)
2019-09-17 09:29:43.425  INFO 51059 --- [main] s.w.s.m.m.a.RequestMappingHandlerMapping : Mapped "{[/error],produces=[text/html]}" onto public org.springframework.web.servlet.ModelAndView org.springframework.boot.autoconfigure.web.BasicErrorController.errorHtml(javax.servlet.http.HttpServletRequest,javax.servlet.http.HttpServletResponse)
2019-09-17 09:29:43.446  INFO 51059 --- [main] o.s.w.s.handler.SimpleUrlHandlerMapping  : Mapped URL path [/webjars/**] onto handler of type [class org.springframework.web.servlet.resource.ResourceHttpRequestHandler]
2019-09-17 09:29:43.446  INFO 51059 --- [main] o.s.w.s.handler.SimpleUrlHandlerMapping  : Mapped URL path [/**] onto handler of type [class org.springframework.web.servlet.resource.ResourceHttpRequestHandler]
2019-09-17 09:29:43.473  INFO 51059 --- [main] o.s.w.s.handler.SimpleUrlHandlerMapping  : Mapped URL path [/**/favicon.ico] onto handler of type [class org.springframework.web.servlet.resource.ResourceHttpRequestHandler]
2019-09-17 09:29:43.841  INFO 51059 --- [main] o.s.b.a.e.mvc.EndpointHandlerMapping     : Mapped "{[/health || /health.json],produces=[application/json]}" onto public java.lang.Object org.springframework.boot.actuate.endpoint.mvc.HealthMvcEndpoint.invoke(java.security.Principal)
2019-09-17 09:29:43.842  INFO 51059 --- [main] o.s.b.a.e.mvc.EndpointHandlerMapping     : Mapped "{[/env],methods=[POST]}" onto public java.lang.Object org.springframework.cloud.context.environment.EnvironmentManagerMvcEndpoint.value(java.util.Map<java.lang.String, java.lang.String>)
2019-09-17 09:29:43.842  INFO 51059 --- [main] o.s.b.a.e.mvc.EndpointHandlerMapping     : Mapped "{[/env/reset],methods=[POST]}" onto public java.util.Map<java.lang.String, java.lang.Object> org.springframework.cloud.context.environment.EnvironmentManagerMvcEndpoint.reset()
2019-09-17 09:29:43.842  INFO 51059 --- [main] o.s.b.a.e.mvc.EndpointHandlerMapping     : Mapped "{[/features || /features.json],methods=[GET],produces=[application/json]}" onto public java.lang.Object org.springframework.boot.actuate.endpoint.mvc.EndpointMvcAdapter.invoke()
2019-09-17 09:29:43.844  INFO 51059 --- [main] o.s.b.a.e.mvc.EndpointHandlerMapping     : Mapped "{[/restart || /restart.json],methods=[POST]}" onto public java.lang.Object org.springframework.cloud.context.restart.RestartMvcEndpoint.invoke()
2019-09-17 09:29:43.845  INFO 51059 --- [main] o.s.b.a.e.mvc.EndpointHandlerMapping     : Mapped "{[/pause || /pause.json],methods=[POST]}" onto public java.lang.Object org.springframework.cloud.endpoint.GenericPostableMvcEndpoint.invoke()
2019-09-17 09:29:43.845  INFO 51059 --- [main] o.s.b.a.e.mvc.EndpointHandlerMapping     : Mapped "{[/logfile || /logfile.json],methods=[GET || HEAD]}" onto public void org.springframework.boot.actuate.endpoint.mvc.LogFileMvcEndpoint.invoke(javax.servlet.http.HttpServletRequest,javax.servlet.http.HttpServletResponse) throws javax.servlet.ServletException,java.io.IOException
2019-09-17 09:29:43.846  INFO 51059 --- [main] o.s.b.a.e.mvc.EndpointHandlerMapping     : Mapped "{[/env/{name:.*}],methods=[GET],produces=[application/json]}" onto public java.lang.Object org.springframework.boot.actuate.endpoint.mvc.EnvironmentMvcEndpoint.value(java.lang.String)
2019-09-17 09:29:43.846  INFO 51059 --- [main] o.s.b.a.e.mvc.EndpointHandlerMapping     : Mapped "{[/env || /env.json],methods=[GET],produces=[application/json]}" onto public java.lang.Object org.springframework.boot.actuate.endpoint.mvc.EndpointMvcAdapter.invoke()
2019-09-17 09:29:43.847  INFO 51059 --- [main] o.s.b.a.e.mvc.EndpointHandlerMapping     : Mapped "{[/configprops || /configprops.json],methods=[GET],produces=[application/json]}" onto public java.lang.Object org.springframework.boot.actuate.endpoint.mvc.EndpointMvcAdapter.invoke()
2019-09-17 09:29:43.847  INFO 51059 --- [main] o.s.b.a.e.mvc.EndpointHandlerMapping     : Mapped "{[/dump || /dump.json],methods=[GET],produces=[application/json]}" onto public java.lang.Object org.springframework.boot.actuate.endpoint.mvc.EndpointMvcAdapter.invoke()
2019-09-17 09:29:43.848  INFO 51059 --- [main] o.s.b.a.e.mvc.EndpointHandlerMapping     : Mapped "{[/resume || /resume.json],methods=[POST]}" onto public java.lang.Object org.springframework.cloud.endpoint.GenericPostableMvcEndpoint.invoke()
2019-09-17 09:29:43.848  INFO 51059 --- [main] o.s.b.a.e.mvc.EndpointHandlerMapping     : Mapped "{[/info || /info.json],methods=[GET],produces=[application/json]}" onto public java.lang.Object org.springframework.boot.actuate.endpoint.mvc.EndpointMvcAdapter.invoke()
2019-09-17 09:29:43.849  INFO 51059 --- [main] o.s.b.a.e.mvc.EndpointHandlerMapping     : Mapped "{[/mappings || /mappings.json],methods=[GET],produces=[application/json]}" onto public java.lang.Object org.springframework.boot.actuate.endpoint.mvc.EndpointMvcAdapter.invoke()
2019-09-17 09:29:43.849  INFO 51059 --- [main] o.s.b.a.e.mvc.EndpointHandlerMapping     : Mapped "{[/beans || /beans.json],methods=[GET],produces=[application/json]}" onto public java.lang.Object org.springframework.boot.actuate.endpoint.mvc.EndpointMvcAdapter.invoke()
2019-09-17 09:29:43.849  INFO 51059 --- [main] o.s.b.a.e.mvc.EndpointHandlerMapping     : Mapped "{[/trace || /trace.json],methods=[GET],produces=[application/json]}" onto public java.lang.Object org.springframework.boot.actuate.endpoint.mvc.EndpointMvcAdapter.invoke()
2019-09-17 09:29:43.850  INFO 51059 --- [main] o.s.b.a.e.mvc.EndpointHandlerMapping     : Mapped "{[/metrics/{name:.*}],methods=[GET],produces=[application/json]}" onto public java.lang.Object org.springframework.boot.actuate.endpoint.mvc.MetricsMvcEndpoint.value(java.lang.String)
2019-09-17 09:29:43.850  INFO 51059 --- [main] o.s.b.a.e.mvc.EndpointHandlerMapping     : Mapped "{[/metrics || /metrics.json],methods=[GET],produces=[application/json]}" onto public java.lang.Object org.springframework.boot.actuate.endpoint.mvc.EndpointMvcAdapter.invoke()
2019-09-17 09:29:43.851  INFO 51059 --- [main] o.s.b.a.e.mvc.EndpointHandlerMapping     : Mapped "{[/autoconfig || /autoconfig.json],methods=[GET],produces=[application/json]}" onto public java.lang.Object org.springframework.boot.actuate.endpoint.mvc.EndpointMvcAdapter.invoke()
2019-09-17 09:29:43.851  INFO 51059 --- [main] o.s.b.a.e.mvc.EndpointHandlerMapping     : Mapped "{[/refresh || /refresh.json],methods=[POST]}" onto public java.lang.Object org.springframework.cloud.endpoint.GenericPostableMvcEndpoint.invoke()
2019-09-17 09:29:43.851  INFO 51059 --- [main] o.s.b.a.e.mvc.EndpointHandlerMapping     : Mapped "{[/archaius || /archaius.json],methods=[GET],produces=[application/json]}" onto public java.lang.Object org.springframework.boot.actuate.endpoint.mvc.EndpointMvcAdapter.invoke()
2019-09-17 09:29:43.914  INFO 51059 --- [main] o.s.ui.freemarker.SpringTemplateLoader   : SpringTemplateLoader for FreeMarker: using resource loader [org.springframework.boot.context.embedded.AnnotationConfigEmbeddedWebApplicationContext@35399441: startup date [Tue Sep 17 09:29:41 CST 2019]; parent: org.springframework.context.annotation.AnnotationConfigApplicationContext@cd3fee8] and template loader path [classpath:/templates/]
2019-09-17 09:29:43.915  INFO 51059 --- [main] o.s.w.s.v.f.FreeMarkerConfigurer         : ClassTemplateLoader for Spring macros added to FreeMarker configuration
2019-09-17 09:29:43.953  WARN 51059 --- [main] c.n.c.sources.URLConfigurationSource     : No URLs will be polled as dynamic configuration sources.
2019-09-17 09:29:43.953  INFO 51059 --- [main] c.n.c.sources.URLConfigurationSource     : To enable URLs as dynamic configuration sources, define System property archaius.configurationSource.additionalUrls or make config.properties available on classpath.
2019-09-17 09:29:43.957  WARN 51059 --- [main] c.n.c.sources.URLConfigurationSource     : No URLs will be polled as dynamic configuration sources.
2019-09-17 09:29:43.957  INFO 51059 --- [main] c.n.c.sources.URLConfigurationSource     : To enable URLs as dynamic configuration sources, define System property archaius.configurationSource.additionalUrls or make config.properties available on classpath.
2019-09-17 09:29:44.001  INFO 51059 --- [main] o.s.j.e.a.AnnotationMBeanExporter        : Registering beans for JMX exposure on startup
2019-09-17 09:29:44.007  INFO 51059 --- [main] o.s.j.e.a.AnnotationMBeanExporter        : Bean with name 'refreshScope' has been autodetected for JMX exposure
2019-09-17 09:29:44.008  INFO 51059 --- [main] o.s.j.e.a.AnnotationMBeanExporter        : Bean with name 'environmentManager' has been autodetected for JMX exposure
2019-09-17 09:29:44.009  INFO 51059 --- [main] o.s.j.e.a.AnnotationMBeanExporter        : Bean with name 'configurationPropertiesRebinder' has been autodetected for JMX exposure
2019-09-17 09:29:44.010  INFO 51059 --- [main] o.s.j.e.a.AnnotationMBeanExporter        : Bean with name 'refreshEndpoint' has been autodetected for JMX exposure
2019-09-17 09:29:44.010  INFO 51059 --- [main] o.s.j.e.a.AnnotationMBeanExporter        : Bean with name 'restartEndpoint' has been autodetected for JMX exposure
2019-09-17 09:29:44.012  INFO 51059 --- [main] o.s.j.e.a.AnnotationMBeanExporter        : Located managed bean 'environmentManager': registering with JMX server as MBean [org.springframework.cloud.context.environment:name=environmentManager,type=EnvironmentManager]
2019-09-17 09:29:44.020  INFO 51059 --- [main] o.s.j.e.a.AnnotationMBeanExporter        : Located managed bean 'restartEndpoint': registering with JMX server as MBean [org.springframework.cloud.context.restart:name=restartEndpoint,type=RestartEndpoint]
2019-09-17 09:29:44.026  INFO 51059 --- [main] o.s.j.e.a.AnnotationMBeanExporter        : Located managed bean 'refreshScope': registering with JMX server as MBean [org.springframework.cloud.context.scope.refresh:name=refreshScope,type=RefreshScope]
2019-09-17 09:29:44.030  INFO 51059 --- [main] o.s.j.e.a.AnnotationMBeanExporter        : Located managed bean 'configurationPropertiesRebinder': registering with JMX server as MBean [org.springframework.cloud.context.properties:name=configurationPropertiesRebinder,context=35399441,type=ConfigurationPropertiesRebinder]
2019-09-17 09:29:44.033  INFO 51059 --- [main] o.s.j.e.a.AnnotationMBeanExporter        : Located managed bean 'refreshEndpoint': registering with JMX server as MBean [org.springframework.cloud.endpoint:name=refreshEndpoint,type=RefreshEndpoint]
2019-09-17 09:29:44.219  INFO 51059 --- [main] o.s.c.support.DefaultLifecycleProcessor  : Starting beans in phase 0
2019-09-17 09:29:44.220  INFO 51059 --- [Thread-18] o.s.c.n.e.server.EurekaServerBootstrap   : Setting the eureka configuration..
2019-09-17 09:29:44.220  INFO 51059 --- [main] c.n.e.EurekaDiscoveryClientConfiguration : Registering application eureka-server with eureka with status UP
2019-09-17 09:29:44.220  INFO 51059 --- [Thread-18] o.s.c.n.e.server.EurekaServerBootstrap   : Eureka data center value eureka.datacenter is not set, defaulting to default
2019-09-17 09:29:44.220  INFO 51059 --- [Thread-18] o.s.c.n.e.server.EurekaServerBootstrap   : Eureka environment value eureka.environment is not set, defaulting to test
2019-09-17 09:29:44.228  INFO 51059 --- [Thread-18] o.s.c.n.e.server.EurekaServerBootstrap   : isAws returned false
2019-09-17 09:29:44.228  INFO 51059 --- [Thread-18] o.s.c.n.e.server.EurekaServerBootstrap   : Initialized server context
2019-09-17 09:29:44.228  INFO 51059 --- [Thread-18] c.n.e.r.PeerAwareInstanceRegistryImpl    : Got 1 instances from neighboring DS node
2019-09-17 09:29:44.228  INFO 51059 --- [Thread-18] c.n.e.r.PeerAwareInstanceRegistryImpl    : Renew threshold is: 1
2019-09-17 09:29:44.228  INFO 51059 --- [Thread-18] c.n.e.r.PeerAwareInstanceRegistryImpl    : Changing status to UP
2019-09-17 09:29:44.233  INFO 51059 --- [Thread-18] e.s.EurekaServerInitializerConfiguration : Started Eureka Server
2019-09-17 09:29:44.294  INFO 51059 --- [main] s.b.c.e.t.TomcatEmbeddedServletContainer : Tomcat started on port(s): 1111 (http)
2019-09-17 09:29:44.295  INFO 51059 --- [main] c.n.e.EurekaDiscoveryClientConfiguration : Updating port to 1111
2019-09-17 09:29:44.298  INFO 51059 --- [main] com.didispace.Application                : Started Application in 3.771 seconds (JVM running for 4.496)
2019-09-17 09:29:48.192  INFO 51059 --- [Thread-20] ationConfigEmbeddedWebApplicationContext : Closing org.springframework.boot.context.embedded.AnnotationConfigEmbeddedWebApplicationContext@35399441: startup date [Tue Sep 17 09:29:41 CST 2019]; parent: org.springframework.context.annotation.AnnotationConfigApplicationContext@cd3fee8
2019-09-17 09:29:48.196  INFO 51059 --- [Thread-20] c.n.e.EurekaDiscoveryClientConfiguration : Unregistering application eureka-server with eureka with status DOWN
2019-09-17 09:29:48.196  INFO 51059 --- [Thread-20] com.netflix.discovery.DiscoveryClient    : Shutting down DiscoveryClient ...
2019-09-17 09:29:48.197  INFO 51059 --- [Thread-20] com.netflix.discovery.DiscoveryClient    : Completed shut down of DiscoveryClient
2019-09-17 09:29:48.199  INFO 51059 --- [Thread-20] o.s.c.support.DefaultLifecycleProcessor  : Stopping beans in phase 0
2019-09-17 09:29:48.204  INFO 51059 --- [Thread-20] o.s.j.e.a.AnnotationMBeanExporter        : Unregistering JMX-exposed beans on shutdown
2019-09-17 09:29:48.204  INFO 51059 --- [Thread-20] o.s.j.e.a.AnnotationMBeanExporter        : Unregistering JMX-exposed beans
2019-09-17 09:29:48.205  INFO 51059 --- [Thread-20] c.n.eureka.DefaultEurekaServerContext    : Shutting down ...
2019-09-17 09:29:48.206  INFO 51059 --- [Thread-20] c.n.eureka.DefaultEurekaServerContext    : Shut down
