[INFO ] 2019-09-11 11:04:34.638 [main] java.lang.Class.main:8 - test
[INFO ] 2019-09-11 11:04:34.641 [main] java.lang.Class.print:35 - print I:9
[INFO ] 2019-09-11 11:04:34.641 [main] java.lang.Class.print:35 - print I:8
[INFO ] 2019-09-11 11:04:34.642 [main] java.lang.Class.print:35 - print I:7
[INFO ] 2019-09-11 11:04:34.642 [main] java.lang.Class.print:35 - print I:6
[INFO ] 2019-09-11 11:04:34.642 [main] java.lang.Class.print:35 - print I:5
[INFO ] 2019-09-11 11:04:34.643 [main] java.lang.Class.print:35 - print I:4
[INFO ] 2019-09-11 11:04:34.643 [main] java.lang.Class.print:35 - print I:3
[INFO ] 2019-09-11 11:04:34.644 [main] java.lang.Class.print:35 - print I:2
[ERROR] 2019-09-11 11:04:34.644 [main] java.lang.Class.main:14 - error message:
java.lang.IndexOutOfBoundsException: unknow index
	at or.tt.print(T.java:37)
	at or.T.main(T.java:11)
[INFO ] 2019-09-11 11:06:56.027 [main] java.lang.Class.main:8 - test
[INFO ] 2019-09-11 11:06:56.030 [main] java.lang.Class.print:35 - print I:9
[INFO ] 2019-09-11 11:06:56.031 [main] java.lang.Class.print:35 - print I:8
[INFO ] 2019-09-11 11:06:56.031 [main] java.lang.Class.print:35 - print I:7
[INFO ] 2019-09-11 11:06:56.031 [main] java.lang.Class.print:35 - print I:6
[INFO ] 2019-09-11 11:06:56.031 [main] java.lang.Class.print:35 - print I:5
[INFO ] 2019-09-11 11:06:56.033 [main] java.lang.Class.print:35 - print I:4
[INFO ] 2019-09-11 11:06:56.033 [main] java.lang.Class.print:35 - print I:3
[INFO ] 2019-09-11 11:06:56.033 [main] java.lang.Class.print:35 - print I:2
[ERROR] 2019-09-11 11:06:56.034 [main] java.lang.Class.main:14 - error message:
java.lang.IndexOutOfBoundsException: unknow index
	at or.tt.print(T.java:37)
	at or.T.main(T.java:11)
